<?xml version="1.0" encoding="UTF-8"?>
<testsuite xmlns:xsi="http://www.w3.org/2001/XMLSchema-instance" xsi:noNamespaceSchemaLocation="https://maven.apache.org/surefire/maven-surefire-plugin/xsd/surefire-test-report-3.0.xsd" version="3.0" name="com.ilumusecase.scripts.AppTest" time="0.048" tests="1" errors="0" skipped="0" failures="0">
  <properties>
    <property name="java.specification.version" value="21"/>
    <property name="sun.jnu.encoding" value="UTF-8"/>
    <property name="java.class.path" value="/home/pavlo/Desktop/project/jobs_manager/trading_bot/rsi-strategies/target/test-classes:/home/pavlo/Desktop/project/jobs_manager/trading_bot/rsi-strategies/target/classes:/home/pavlo/.m2/repository/cloud/ilum/ilum-job-api/6.0.0/ilum-job-api-6.0.0.jar:/home/pavlo/.m2/repository/com/ilumusecase/jobs_connection_lib/1.0/jobs_connection_lib-1.0.jar:/home/pavlo/.m2/repository/com/fasterxml/jackson/core/jackson-databind/2.6.7/jackson-databind-2.6.7.jar:/home/pavlo/.m2/repository/com/fasterxml/jackson/core/jackson-annotations/2.6.0/jackson-annotations-2.6.0.jar:/home/pavlo/.m2/repository/com/fasterxml/jackson/core/jackson-core/2.6.7/jackson-core-2.6.7.jar:/home/pavlo/.m2/repository/org/apache/spark/spark-core_2.12/3.4.1/spark-core_2.12-3.4.1.jar:/home/pavlo/.m2/repository/org/apache/avro/avro/1.11.1/avro-1.11.1.jar:/home/pavlo/.m2/repository/org/apache/avro/avro-mapred/1.11.1/avro-mapred-1.11.1.jar:/home/pavlo/.m2/repository/org/apache/avro/avro-ipc/1.11.1/avro-ipc-1.11.1.jar:/home/pavlo/.m2/repository/org/tukaani/xz/1.9/xz-1.9.jar:/home/pavlo/.m2/repository/com/twitter/chill_2.12/0.10.0/chill_2.12-0.10.0.jar:/home/pavlo/.m2/repository/com/esotericsoftware/kryo-shaded/4.0.2/kryo-shaded-4.0.2.jar:/home/pavlo/.m2/repository/com/esotericsoftware/minlog/1.3.0/minlog-1.3.0.jar:/home/pavlo/.m2/repository/org/objenesis/objenesis/2.5.1/objenesis-2.5.1.jar:/home/pavlo/.m2/repository/com/twitter/chill-java/0.10.0/chill-java-0.10.0.jar:/home/pavlo/.m2/repository/org/apache/xbean/xbean-asm9-shaded/4.22/xbean-asm9-shaded-4.22.jar:/home/pavlo/.m2/repository/org/apache/hadoop/hadoop-client-api/3.3.4/hadoop-client-api-3.3.4.jar:/home/pavlo/.m2/repository/org/apache/hadoop/hadoop-client-runtime/3.3.4/hadoop-client-runtime-3.3.4.jar:/home/pavlo/.m2/repository/org/apache/spark/spark-launcher_2.12/3.4.1/spark-launcher_2.12-3.4.1.jar:/home/pavlo/.m2/repository/org/apache/spark/spark-kvstore_2.12/3.4.1/spark-kvstore_2.12-3.4.1.jar:/home/pavlo/.m2/repository/org/fusesource/leveldbjni/leveldbjni-all/1.8/leveldbjni-all-1.8.jar:/home/pavlo/.m2/repository/org/apache/spark/spark-network-common_2.12/3.4.1/spark-network-common_2.12-3.4.1.jar:/home/pavlo/.m2/repository/com/google/crypto/tink/tink/1.7.0/tink-1.7.0.jar:/home/pavlo/.m2/repository/com/google/code/gson/gson/2.8.9/gson-2.8.9.jar:/home/pavlo/.m2/repository/org/apache/spark/spark-network-shuffle_2.12/3.4.1/spark-network-shuffle_2.12-3.4.1.jar:/home/pavlo/.m2/repository/org/apache/spark/spark-unsafe_2.12/3.4.1/spark-unsafe_2.12-3.4.1.jar:/home/pavlo/.m2/repository/javax/activation/activation/1.1.1/activation-1.1.1.jar:/home/pavlo/.m2/repository/org/apache/curator/curator-recipes/2.13.0/curator-recipes-2.13.0.jar:/home/pavlo/.m2/repository/org/apache/curator/curator-framework/2.13.0/curator-framework-2.13.0.jar:/home/pavlo/.m2/repository/org/apache/curator/curator-client/2.13.0/curator-client-2.13.0.jar:/home/pavlo/.m2/repository/org/apache/zookeeper/zookeeper/3.6.3/zookeeper-3.6.3.jar:/home/pavlo/.m2/repository/org/apache/zookeeper/zookeeper-jute/3.6.3/zookeeper-jute-3.6.3.jar:/home/pavlo/.m2/repository/org/apache/yetus/audience-annotations/0.5.0/audience-annotations-0.5.0.jar:/home/pavlo/.m2/repository/jakarta/servlet/jakarta.servlet-api/4.0.3/jakarta.servlet-api-4.0.3.jar:/home/pavlo/.m2/repository/commons-codec/commons-codec/1.15/commons-codec-1.15.jar:/home/pavlo/.m2/repository/org/apache/commons/commons-compress/1.22/commons-compress-1.22.jar:/home/pavlo/.m2/repository/org/apache/commons/commons-lang3/3.12.0/commons-lang3-3.12.0.jar:/home/pavlo/.m2/repository/org/apache/commons/commons-math3/3.6.1/commons-math3-3.6.1.jar:/home/pavlo/.m2/repository/org/apache/commons/commons-text/1.10.0/commons-text-1.10.0.jar:/home/pavlo/.m2/repository/commons-io/commons-io/2.11.0/commons-io-2.11.0.jar:/home/pavlo/.m2/repository/commons-collections/commons-collections/3.2.2/commons-collections-3.2.2.jar:/home/pavlo/.m2/repository/org/apache/commons/commons-collections4/4.4/commons-collections4-4.4.jar:/home/pavlo/.m2/repository/com/google/code/findbugs/jsr305/3.0.0/jsr305-3.0.0.jar:/home/pavlo/.m2/repository/org/slf4j/slf4j-api/2.0.6/slf4j-api-2.0.6.jar:/home/pavlo/.m2/repository/org/slf4j/jul-to-slf4j/2.0.6/jul-to-slf4j-2.0.6.jar:/home/pavlo/.m2/repository/org/slf4j/jcl-over-slf4j/2.0.6/jcl-over-slf4j-2.0.6.jar:/home/pavlo/.m2/repository/org/apache/logging/log4j/log4j-slf4j2-impl/2.19.0/log4j-slf4j2-impl-2.19.0.jar:/home/pavlo/.m2/repository/org/apache/logging/log4j/log4j-api/2.19.0/log4j-api-2.19.0.jar:/home/pavlo/.m2/repository/org/apache/logging/log4j/log4j-core/2.19.0/log4j-core-2.19.0.jar:/home/pavlo/.m2/repository/org/apache/logging/log4j/log4j-1.2-api/2.19.0/log4j-1.2-api-2.19.0.jar:/home/pavlo/.m2/repository/com/ning/compress-lzf/1.1.2/compress-lzf-1.1.2.jar:/home/pavlo/.m2/repository/org/xerial/snappy/snappy-java/1.1.10.1/snappy-java-1.1.10.1.jar:/home/pavlo/.m2/repository/org/lz4/lz4-java/1.8.0/lz4-java-1.8.0.jar:/home/pavlo/.m2/repository/com/github/luben/zstd-jni/1.5.2-5/zstd-jni-1.5.2-5.jar:/home/pavlo/.m2/repository/org/roaringbitmap/RoaringBitmap/0.9.38/RoaringBitmap-0.9.38.jar:/home/pavlo/.m2/repository/org/roaringbitmap/shims/0.9.38/shims-0.9.38.jar:/home/pavlo/.m2/repository/org/scala-lang/modules/scala-xml_2.12/2.1.0/scala-xml_2.12-2.1.0.jar:/home/pavlo/.m2/repository/org/scala-lang/scala-library/2.12.17/scala-library-2.12.17.jar:/home/pavlo/.m2/repository/org/scala-lang/scala-reflect/2.12.17/scala-reflect-2.12.17.jar:/home/pavlo/.m2/repository/org/json4s/json4s-jackson_2.12/3.7.0-M11/json4s-jackson_2.12-3.7.0-M11.jar:/home/pavlo/.m2/repository/org/json4s/json4s-core_2.12/3.7.0-M11/json4s-core_2.12-3.7.0-M11.jar:/home/pavlo/.m2/repository/org/json4s/json4s-ast_2.12/3.7.0-M11/json4s-ast_2.12-3.7.0-M11.jar:/home/pavlo/.m2/repository/org/json4s/json4s-scalap_2.12/3.7.0-M11/json4s-scalap_2.12-3.7.0-M11.jar:/home/pavlo/.m2/repository/org/glassfish/jersey/core/jersey-client/2.36/jersey-client-2.36.jar:/home/pavlo/.m2/repository/jakarta/ws/rs/jakarta.ws.rs-api/2.1.6/jakarta.ws.rs-api-2.1.6.jar:/home/pavlo/.m2/repository/org/glassfish/hk2/external/jakarta.inject/2.6.1/jakarta.inject-2.6.1.jar:/home/pavlo/.m2/repository/org/glassfish/jersey/core/jersey-common/2.36/jersey-common-2.36.jar:/home/pavlo/.m2/repository/jakarta/annotation/jakarta.annotation-api/1.3.5/jakarta.annotation-api-1.3.5.jar:/home/pavlo/.m2/repository/org/glassfish/hk2/osgi-resource-locator/1.0.3/osgi-resource-locator-1.0.3.jar:/home/pavlo/.m2/repository/org/glassfish/jersey/core/jersey-server/2.36/jersey-server-2.36.jar:/home/pavlo/.m2/repository/jakarta/validation/jakarta.validation-api/2.0.2/jakarta.validation-api-2.0.2.jar:/home/pavlo/.m2/repository/org/glassfish/jersey/containers/jersey-container-servlet/2.36/jersey-container-servlet-2.36.jar:/home/pavlo/.m2/repository/org/glassfish/jersey/containers/jersey-container-servlet-core/2.36/jersey-container-servlet-core-2.36.jar:/home/pavlo/.m2/repository/org/glassfish/jersey/inject/jersey-hk2/2.36/jersey-hk2-2.36.jar:/home/pavlo/.m2/repository/org/glassfish/hk2/hk2-locator/2.6.1/hk2-locator-2.6.1.jar:/home/pavlo/.m2/repository/org/glassfish/hk2/external/aopalliance-repackaged/2.6.1/aopalliance-repackaged-2.6.1.jar:/home/pavlo/.m2/repository/org/glassfish/hk2/hk2-api/2.6.1/hk2-api-2.6.1.jar:/home/pavlo/.m2/repository/org/glassfish/hk2/hk2-utils/2.6.1/hk2-utils-2.6.1.jar:/home/pavlo/.m2/repository/org/javassist/javassist/3.25.0-GA/javassist-3.25.0-GA.jar:/home/pavlo/.m2/repository/io/netty/netty-all/4.1.87.Final/netty-all-4.1.87.Final.jar:/home/pavlo/.m2/repository/io/netty/netty-buffer/4.1.87.Final/netty-buffer-4.1.87.Final.jar:/home/pavlo/.m2/repository/io/netty/netty-codec/4.1.87.Final/netty-codec-4.1.87.Final.jar:/home/pavlo/.m2/repository/io/netty/netty-codec-http/4.1.87.Final/netty-codec-http-4.1.87.Final.jar:/home/pavlo/.m2/repository/io/netty/netty-codec-http2/4.1.87.Final/netty-codec-http2-4.1.87.Final.jar:/home/pavlo/.m2/repository/io/netty/netty-codec-socks/4.1.87.Final/netty-codec-socks-4.1.87.Final.jar:/home/pavlo/.m2/repository/io/netty/netty-common/4.1.87.Final/netty-common-4.1.87.Final.jar:/home/pavlo/.m2/repository/io/netty/netty-handler/4.1.87.Final/netty-handler-4.1.87.Final.jar:/home/pavlo/.m2/repository/io/netty/netty-transport-native-unix-common/4.1.87.Final/netty-transport-native-unix-common-4.1.87.Final.jar:/home/pavlo/.m2/repository/io/netty/netty-handler-proxy/4.1.87.Final/netty-handler-proxy-4.1.87.Final.jar:/home/pavlo/.m2/repository/io/netty/netty-resolver/4.1.87.Final/netty-resolver-4.1.87.Final.jar:/home/pavlo/.m2/repository/io/netty/netty-transport/4.1.87.Final/netty-transport-4.1.87.Final.jar:/home/pavlo/.m2/repository/io/netty/netty-transport-classes-epoll/4.1.87.Final/netty-transport-classes-epoll-4.1.87.Final.jar:/home/pavlo/.m2/repository/io/netty/netty-transport-classes-kqueue/4.1.87.Final/netty-transport-classes-kqueue-4.1.87.Final.jar:/home/pavlo/.m2/repository/io/netty/netty-transport-native-epoll/4.1.87.Final/netty-transport-native-epoll-4.1.87.Final-linux-x86_64.jar:/home/pavlo/.m2/repository/io/netty/netty-transport-native-epoll/4.1.87.Final/netty-transport-native-epoll-4.1.87.Final-linux-aarch_64.jar:/home/pavlo/.m2/repository/io/netty/netty-transport-native-kqueue/4.1.87.Final/netty-transport-native-kqueue-4.1.87.Final-osx-aarch_64.jar:/home/pavlo/.m2/repository/io/netty/netty-transport-native-kqueue/4.1.87.Final/netty-transport-native-kqueue-4.1.87.Final-osx-x86_64.jar:/home/pavlo/.m2/repository/com/clearspring/analytics/stream/2.9.6/stream-2.9.6.jar:/home/pavlo/.m2/repository/io/dropwizard/metrics/metrics-core/4.2.15/metrics-core-4.2.15.jar:/home/pavlo/.m2/repository/io/dropwizard/metrics/metrics-jvm/4.2.15/metrics-jvm-4.2.15.jar:/home/pavlo/.m2/repository/io/dropwizard/metrics/metrics-json/4.2.15/metrics-json-4.2.15.jar:/home/pavlo/.m2/repository/io/dropwizard/metrics/metrics-graphite/4.2.15/metrics-graphite-4.2.15.jar:/home/pavlo/.m2/repository/io/dropwizard/metrics/metrics-jmx/4.2.15/metrics-jmx-4.2.15.jar:/home/pavlo/.m2/repository/com/fasterxml/jackson/module/jackson-module-scala_2.12/2.14.2/jackson-module-scala_2.12-2.14.2.jar:/home/pavlo/.m2/repository/com/thoughtworks/paranamer/paranamer/2.8/paranamer-2.8.jar:/home/pavlo/.m2/repository/org/apache/ivy/ivy/2.5.1/ivy-2.5.1.jar:/home/pavlo/.m2/repository/oro/oro/2.0.8/oro-2.0.8.jar:/home/pavlo/.m2/repository/net/razorvine/pickle/1.3/pickle-1.3.jar:/home/pavlo/.m2/repository/net/sf/py4j/py4j/0.10.9.7/py4j-0.10.9.7.jar:/home/pavlo/.m2/repository/org/apache/spark/spark-tags_2.12/3.4.1/spark-tags_2.12-3.4.1.jar:/home/pavlo/.m2/repository/org/apache/commons/commons-crypto/1.1.0/commons-crypto-1.1.0.jar:/home/pavlo/.m2/repository/org/apache/spark/spark-sql_2.12/3.4.1/spark-sql_2.12-3.4.1.jar:/home/pavlo/.m2/repository/org/rocksdb/rocksdbjni/7.9.2/rocksdbjni-7.9.2.jar:/home/pavlo/.m2/repository/com/univocity/univocity-parsers/2.9.1/univocity-parsers-2.9.1.jar:/home/pavlo/.m2/repository/org/apache/spark/spark-sketch_2.12/3.4.1/spark-sketch_2.12-3.4.1.jar:/home/pavlo/.m2/repository/org/apache/spark/spark-catalyst_2.12/3.4.1/spark-catalyst_2.12-3.4.1.jar:/home/pavlo/.m2/repository/org/scala-lang/modules/scala-parser-combinators_2.12/2.1.1/scala-parser-combinators_2.12-2.1.1.jar:/home/pavlo/.m2/repository/org/codehaus/janino/janino/3.1.9/janino-3.1.9.jar:/home/pavlo/.m2/repository/org/codehaus/janino/commons-compiler/3.1.9/commons-compiler-3.1.9.jar:/home/pavlo/.m2/repository/org/antlr/antlr4-runtime/4.9.3/antlr4-runtime-4.9.3.jar:/home/pavlo/.m2/repository/org/apache/arrow/arrow-vector/11.0.0/arrow-vector-11.0.0.jar:/home/pavlo/.m2/repository/org/apache/arrow/arrow-format/11.0.0/arrow-format-11.0.0.jar:/home/pavlo/.m2/repository/org/apache/arrow/arrow-memory-core/11.0.0/arrow-memory-core-11.0.0.jar:/home/pavlo/.m2/repository/com/fasterxml/jackson/datatype/jackson-datatype-jsr310/2.13.4/jackson-datatype-jsr310-2.13.4.jar:/home/pavlo/.m2/repository/com/google/flatbuffers/flatbuffers-java/1.12.0/flatbuffers-java-1.12.0.jar:/home/pavlo/.m2/repository/org/apache/arrow/arrow-memory-netty/11.0.0/arrow-memory-netty-11.0.0.jar:/home/pavlo/.m2/repository/org/apache/orc/orc-core/1.8.4/orc-core-1.8.4-shaded-protobuf.jar:/home/pavlo/.m2/repository/org/apache/orc/orc-shims/1.8.4/orc-shims-1.8.4.jar:/home/pavlo/.m2/repository/io/airlift/aircompressor/0.21/aircompressor-0.21.jar:/home/pavlo/.m2/repository/org/jetbrains/annotations/17.0.0/annotations-17.0.0.jar:/home/pavlo/.m2/repository/org/threeten/threeten-extra/1.7.1/threeten-extra-1.7.1.jar:/home/pavlo/.m2/repository/org/apache/orc/orc-mapreduce/1.8.4/orc-mapreduce-1.8.4-shaded-protobuf.jar:/home/pavlo/.m2/repository/org/apache/hive/hive-storage-api/2.8.1/hive-storage-api-2.8.1.jar:/home/pavlo/.m2/repository/org/apache/parquet/parquet-column/1.12.3/parquet-column-1.12.3.jar:/home/pavlo/.m2/repository/org/apache/parquet/parquet-common/1.12.3/parquet-common-1.12.3.jar:/home/pavlo/.m2/repository/org/apache/parquet/parquet-encoding/1.12.3/parquet-encoding-1.12.3.jar:/home/pavlo/.m2/repository/org/apache/parquet/parquet-hadoop/1.12.3/parquet-hadoop-1.12.3.jar:/home/pavlo/.m2/repository/org/apache/parquet/parquet-format-structures/1.12.3/parquet-format-structures-1.12.3.jar:/home/pavlo/.m2/repository/org/apache/parquet/parquet-jackson/1.12.3/parquet-jackson-1.12.3.jar:/home/pavlo/.m2/repository/com/google/protobuf/protobuf-java/3.21.12/protobuf-java-3.21.12.jar:/home/pavlo/.m2/repository/org/apache/spark/spark-streaming_2.12/3.4.1/spark-streaming_2.12-3.4.1.jar:/home/pavlo/.m2/repository/org/apache/spark/spark-streaming-kafka-0-10_2.12/3.4.1/spark-streaming-kafka-0-10_2.12-3.4.1.jar:/home/pavlo/.m2/repository/org/apache/spark/spark-token-provider-kafka-0-10_2.12/3.4.1/spark-token-provider-kafka-0-10_2.12-3.4.1.jar:/home/pavlo/.m2/repository/org/apache/kafka/kafka-clients/3.3.2/kafka-clients-3.3.2.jar:/home/pavlo/.m2/repository/org/apache/spark/spark-sql-kafka-0-10_2.12/3.4.1/spark-sql-kafka-0-10_2.12-3.4.1.jar:/home/pavlo/.m2/repository/org/apache/commons/commons-pool2/2.11.1/commons-pool2-2.11.1.jar:/home/pavlo/.m2/repository/org/apache/hadoop/hadoop-hdfs/2.2.0/hadoop-hdfs-2.2.0.jar:/home/pavlo/.m2/repository/com/google/guava/guava/11.0.2/guava-11.0.2.jar:/home/pavlo/.m2/repository/org/mortbay/jetty/jetty/6.1.26/jetty-6.1.26.jar:/home/pavlo/.m2/repository/org/mortbay/jetty/jetty-util/6.1.26/jetty-util-6.1.26.jar:/home/pavlo/.m2/repository/com/sun/jersey/jersey-core/1.9/jersey-core-1.9.jar:/home/pavlo/.m2/repository/com/sun/jersey/jersey-server/1.9/jersey-server-1.9.jar:/home/pavlo/.m2/repository/asm/asm/3.1/asm-3.1.jar:/home/pavlo/.m2/repository/commons-cli/commons-cli/1.2/commons-cli-1.2.jar:/home/pavlo/.m2/repository/commons-lang/commons-lang/2.5/commons-lang-2.5.jar:/home/pavlo/.m2/repository/commons-logging/commons-logging/1.1.1/commons-logging-1.1.1.jar:/home/pavlo/.m2/repository/commons-daemon/commons-daemon/1.0.13/commons-daemon-1.0.13.jar:/home/pavlo/.m2/repository/javax/servlet/jsp/jsp-api/2.1/jsp-api-2.1.jar:/home/pavlo/.m2/repository/log4j/log4j/1.2.17/log4j-1.2.17.jar:/home/pavlo/.m2/repository/javax/servlet/servlet-api/2.5/servlet-api-2.5.jar:/home/pavlo/.m2/repository/org/codehaus/jackson/jackson-core-asl/1.8.8/jackson-core-asl-1.8.8.jar:/home/pavlo/.m2/repository/org/codehaus/jackson/jackson-mapper-asl/1.8.8/jackson-mapper-asl-1.8.8.jar:/home/pavlo/.m2/repository/tomcat/jasper-runtime/5.5.23/jasper-runtime-5.5.23.jar:/home/pavlo/.m2/repository/commons-el/commons-el/1.0/commons-el-1.0.jar:/home/pavlo/.m2/repository/xmlenc/xmlenc/0.52/xmlenc-0.52.jar:/home/pavlo/.m2/repository/org/junit/jupiter/junit-jupiter-api/5.6.0/junit-jupiter-api-5.6.0.jar:/home/pavlo/.m2/repository/org/apiguardian/apiguardian-api/1.1.0/apiguardian-api-1.1.0.jar:/home/pavlo/.m2/repository/org/opentest4j/opentest4j/1.2.0/opentest4j-1.2.0.jar:/home/pavlo/.m2/repository/org/junit/platform/junit-platform-commons/1.6.0/junit-platform-commons-1.6.0.jar:/home/pavlo/.m2/repository/org/junit/jupiter/junit-jupiter-engine/5.6.0/junit-jupiter-engine-5.6.0.jar:/home/pavlo/.m2/repository/org/junit/platform/junit-platform-engine/1.6.0/junit-platform-engine-1.6.0.jar:"/>
    <property name="java.vm.vendor" value="Ubuntu"/>
    <property name="sun.arch.data.model" value="64"/>
    <property name="java.vendor.url" value="https://ubuntu.com/"/>
    <property name="os.name" value="Linux"/>
    <property name="java.vm.specification.version" value="21"/>
    <property name="sun.java.launcher" value="SUN_STANDARD"/>
    <property name="user.country" value="US"/>
    <property name="sun.boot.library.path" value="/usr/lib/jvm/java-21-openjdk-amd64/lib"/>
    <property name="sun.java.command" value="/home/pavlo/Desktop/project/jobs_manager/trading_bot/rsi-strategies/target/surefire/surefirebooter6455981695371503372.jar /home/pavlo/Desktop/project/jobs_manager/trading_bot/rsi-strategies/target/surefire 2024-08-24T17-42-41_854-jvmRun1 surefire7833007201450578567tmp surefire_09943356793467925421tmp"/>
    <property name="jdk.debug" value="release"/>
    <property name="surefire.test.class.path" value="/home/pavlo/Desktop/project/jobs_manager/trading_bot/rsi-strategies/target/test-classes:/home/pavlo/Desktop/project/jobs_manager/trading_bot/rsi-strategies/target/classes:/home/pavlo/.m2/repository/cloud/ilum/ilum-job-api/6.0.0/ilum-job-api-6.0.0.jar:/home/pavlo/.m2/repository/com/ilumusecase/jobs_connection_lib/1.0/jobs_connection_lib-1.0.jar:/home/pavlo/.m2/repository/com/fasterxml/jackson/core/jackson-databind/2.6.7/jackson-databind-2.6.7.jar:/home/pavlo/.m2/repository/com/fasterxml/jackson/core/jackson-annotations/2.6.0/jackson-annotations-2.6.0.jar:/home/pavlo/.m2/repository/com/fasterxml/jackson/core/jackson-core/2.6.7/jackson-core-2.6.7.jar:/home/pavlo/.m2/repository/org/apache/spark/spark-core_2.12/3.4.1/spark-core_2.12-3.4.1.jar:/home/pavlo/.m2/repository/org/apache/avro/avro/1.11.1/avro-1.11.1.jar:/home/pavlo/.m2/repository/org/apache/avro/avro-mapred/1.11.1/avro-mapred-1.11.1.jar:/home/pavlo/.m2/repository/org/apache/avro/avro-ipc/1.11.1/avro-ipc-1.11.1.jar:/home/pavlo/.m2/repository/org/tukaani/xz/1.9/xz-1.9.jar:/home/pavlo/.m2/repository/com/twitter/chill_2.12/0.10.0/chill_2.12-0.10.0.jar:/home/pavlo/.m2/repository/com/esotericsoftware/kryo-shaded/4.0.2/kryo-shaded-4.0.2.jar:/home/pavlo/.m2/repository/com/esotericsoftware/minlog/1.3.0/minlog-1.3.0.jar:/home/pavlo/.m2/repository/org/objenesis/objenesis/2.5.1/objenesis-2.5.1.jar:/home/pavlo/.m2/repository/com/twitter/chill-java/0.10.0/chill-java-0.10.0.jar:/home/pavlo/.m2/repository/org/apache/xbean/xbean-asm9-shaded/4.22/xbean-asm9-shaded-4.22.jar:/home/pavlo/.m2/repository/org/apache/hadoop/hadoop-client-api/3.3.4/hadoop-client-api-3.3.4.jar:/home/pavlo/.m2/repository/org/apache/hadoop/hadoop-client-runtime/3.3.4/hadoop-client-runtime-3.3.4.jar:/home/pavlo/.m2/repository/org/apache/spark/spark-launcher_2.12/3.4.1/spark-launcher_2.12-3.4.1.jar:/home/pavlo/.m2/repository/org/apache/spark/spark-kvstore_2.12/3.4.1/spark-kvstore_2.12-3.4.1.jar:/home/pavlo/.m2/repository/org/fusesource/leveldbjni/leveldbjni-all/1.8/leveldbjni-all-1.8.jar:/home/pavlo/.m2/repository/org/apache/spark/spark-network-common_2.12/3.4.1/spark-network-common_2.12-3.4.1.jar:/home/pavlo/.m2/repository/com/google/crypto/tink/tink/1.7.0/tink-1.7.0.jar:/home/pavlo/.m2/repository/com/google/code/gson/gson/2.8.9/gson-2.8.9.jar:/home/pavlo/.m2/repository/org/apache/spark/spark-network-shuffle_2.12/3.4.1/spark-network-shuffle_2.12-3.4.1.jar:/home/pavlo/.m2/repository/org/apache/spark/spark-unsafe_2.12/3.4.1/spark-unsafe_2.12-3.4.1.jar:/home/pavlo/.m2/repository/javax/activation/activation/1.1.1/activation-1.1.1.jar:/home/pavlo/.m2/repository/org/apache/curator/curator-recipes/2.13.0/curator-recipes-2.13.0.jar:/home/pavlo/.m2/repository/org/apache/curator/curator-framework/2.13.0/curator-framework-2.13.0.jar:/home/pavlo/.m2/repository/org/apache/curator/curator-client/2.13.0/curator-client-2.13.0.jar:/home/pavlo/.m2/repository/org/apache/zookeeper/zookeeper/3.6.3/zookeeper-3.6.3.jar:/home/pavlo/.m2/repository/org/apache/zookeeper/zookeeper-jute/3.6.3/zookeeper-jute-3.6.3.jar:/home/pavlo/.m2/repository/org/apache/yetus/audience-annotations/0.5.0/audience-annotations-0.5.0.jar:/home/pavlo/.m2/repository/jakarta/servlet/jakarta.servlet-api/4.0.3/jakarta.servlet-api-4.0.3.jar:/home/pavlo/.m2/repository/commons-codec/commons-codec/1.15/commons-codec-1.15.jar:/home/pavlo/.m2/repository/org/apache/commons/commons-compress/1.22/commons-compress-1.22.jar:/home/pavlo/.m2/repository/org/apache/commons/commons-lang3/3.12.0/commons-lang3-3.12.0.jar:/home/pavlo/.m2/repository/org/apache/commons/commons-math3/3.6.1/commons-math3-3.6.1.jar:/home/pavlo/.m2/repository/org/apache/commons/commons-text/1.10.0/commons-text-1.10.0.jar:/home/pavlo/.m2/repository/commons-io/commons-io/2.11.0/commons-io-2.11.0.jar:/home/pavlo/.m2/repository/commons-collections/commons-collections/3.2.2/commons-collections-3.2.2.jar:/home/pavlo/.m2/repository/org/apache/commons/commons-collections4/4.4/commons-collections4-4.4.jar:/home/pavlo/.m2/repository/com/google/code/findbugs/jsr305/3.0.0/jsr305-3.0.0.jar:/home/pavlo/.m2/repository/org/slf4j/slf4j-api/2.0.6/slf4j-api-2.0.6.jar:/home/pavlo/.m2/repository/org/slf4j/jul-to-slf4j/2.0.6/jul-to-slf4j-2.0.6.jar:/home/pavlo/.m2/repository/org/slf4j/jcl-over-slf4j/2.0.6/jcl-over-slf4j-2.0.6.jar:/home/pavlo/.m2/repository/org/apache/logging/log4j/log4j-slf4j2-impl/2.19.0/log4j-slf4j2-impl-2.19.0.jar:/home/pavlo/.m2/repository/org/apache/logging/log4j/log4j-api/2.19.0/log4j-api-2.19.0.jar:/home/pavlo/.m2/repository/org/apache/logging/log4j/log4j-core/2.19.0/log4j-core-2.19.0.jar:/home/pavlo/.m2/repository/org/apache/logging/log4j/log4j-1.2-api/2.19.0/log4j-1.2-api-2.19.0.jar:/home/pavlo/.m2/repository/com/ning/compress-lzf/1.1.2/compress-lzf-1.1.2.jar:/home/pavlo/.m2/repository/org/xerial/snappy/snappy-java/1.1.10.1/snappy-java-1.1.10.1.jar:/home/pavlo/.m2/repository/org/lz4/lz4-java/1.8.0/lz4-java-1.8.0.jar:/home/pavlo/.m2/repository/com/github/luben/zstd-jni/1.5.2-5/zstd-jni-1.5.2-5.jar:/home/pavlo/.m2/repository/org/roaringbitmap/RoaringBitmap/0.9.38/RoaringBitmap-0.9.38.jar:/home/pavlo/.m2/repository/org/roaringbitmap/shims/0.9.38/shims-0.9.38.jar:/home/pavlo/.m2/repository/org/scala-lang/modules/scala-xml_2.12/2.1.0/scala-xml_2.12-2.1.0.jar:/home/pavlo/.m2/repository/org/scala-lang/scala-library/2.12.17/scala-library-2.12.17.jar:/home/pavlo/.m2/repository/org/scala-lang/scala-reflect/2.12.17/scala-reflect-2.12.17.jar:/home/pavlo/.m2/repository/org/json4s/json4s-jackson_2.12/3.7.0-M11/json4s-jackson_2.12-3.7.0-M11.jar:/home/pavlo/.m2/repository/org/json4s/json4s-core_2.12/3.7.0-M11/json4s-core_2.12-3.7.0-M11.jar:/home/pavlo/.m2/repository/org/json4s/json4s-ast_2.12/3.7.0-M11/json4s-ast_2.12-3.7.0-M11.jar:/home/pavlo/.m2/repository/org/json4s/json4s-scalap_2.12/3.7.0-M11/json4s-scalap_2.12-3.7.0-M11.jar:/home/pavlo/.m2/repository/org/glassfish/jersey/core/jersey-client/2.36/jersey-client-2.36.jar:/home/pavlo/.m2/repository/jakarta/ws/rs/jakarta.ws.rs-api/2.1.6/jakarta.ws.rs-api-2.1.6.jar:/home/pavlo/.m2/repository/org/glassfish/hk2/external/jakarta.inject/2.6.1/jakarta.inject-2.6.1.jar:/home/pavlo/.m2/repository/org/glassfish/jersey/core/jersey-common/2.36/jersey-common-2.36.jar:/home/pavlo/.m2/repository/jakarta/annotation/jakarta.annotation-api/1.3.5/jakarta.annotation-api-1.3.5.jar:/home/pavlo/.m2/repository/org/glassfish/hk2/osgi-resource-locator/1.0.3/osgi-resource-locator-1.0.3.jar:/home/pavlo/.m2/repository/org/glassfish/jersey/core/jersey-server/2.36/jersey-server-2.36.jar:/home/pavlo/.m2/repository/jakarta/validation/jakarta.validation-api/2.0.2/jakarta.validation-api-2.0.2.jar:/home/pavlo/.m2/repository/org/glassfish/jersey/containers/jersey-container-servlet/2.36/jersey-container-servlet-2.36.jar:/home/pavlo/.m2/repository/org/glassfish/jersey/containers/jersey-container-servlet-core/2.36/jersey-container-servlet-core-2.36.jar:/home/pavlo/.m2/repository/org/glassfish/jersey/inject/jersey-hk2/2.36/jersey-hk2-2.36.jar:/home/pavlo/.m2/repository/org/glassfish/hk2/hk2-locator/2.6.1/hk2-locator-2.6.1.jar:/home/pavlo/.m2/repository/org/glassfish/hk2/external/aopalliance-repackaged/2.6.1/aopalliance-repackaged-2.6.1.jar:/home/pavlo/.m2/repository/org/glassfish/hk2/hk2-api/2.6.1/hk2-api-2.6.1.jar:/home/pavlo/.m2/repository/org/glassfish/hk2/hk2-utils/2.6.1/hk2-utils-2.6.1.jar:/home/pavlo/.m2/repository/org/javassist/javassist/3.25.0-GA/javassist-3.25.0-GA.jar:/home/pavlo/.m2/repository/io/netty/netty-all/4.1.87.Final/netty-all-4.1.87.Final.jar:/home/pavlo/.m2/repository/io/netty/netty-buffer/4.1.87.Final/netty-buffer-4.1.87.Final.jar:/home/pavlo/.m2/repository/io/netty/netty-codec/4.1.87.Final/netty-codec-4.1.87.Final.jar:/home/pavlo/.m2/repository/io/netty/netty-codec-http/4.1.87.Final/netty-codec-http-4.1.87.Final.jar:/home/pavlo/.m2/repository/io/netty/netty-codec-http2/4.1.87.Final/netty-codec-http2-4.1.87.Final.jar:/home/pavlo/.m2/repository/io/netty/netty-codec-socks/4.1.87.Final/netty-codec-socks-4.1.87.Final.jar:/home/pavlo/.m2/repository/io/netty/netty-common/4.1.87.Final/netty-common-4.1.87.Final.jar:/home/pavlo/.m2/repository/io/netty/netty-handler/4.1.87.Final/netty-handler-4.1.87.Final.jar:/home/pavlo/.m2/repository/io/netty/netty-transport-native-unix-common/4.1.87.Final/netty-transport-native-unix-common-4.1.87.Final.jar:/home/pavlo/.m2/repository/io/netty/netty-handler-proxy/4.1.87.Final/netty-handler-proxy-4.1.87.Final.jar:/home/pavlo/.m2/repository/io/netty/netty-resolver/4.1.87.Final/netty-resolver-4.1.87.Final.jar:/home/pavlo/.m2/repository/io/netty/netty-transport/4.1.87.Final/netty-transport-4.1.87.Final.jar:/home/pavlo/.m2/repository/io/netty/netty-transport-classes-epoll/4.1.87.Final/netty-transport-classes-epoll-4.1.87.Final.jar:/home/pavlo/.m2/repository/io/netty/netty-transport-classes-kqueue/4.1.87.Final/netty-transport-classes-kqueue-4.1.87.Final.jar:/home/pavlo/.m2/repository/io/netty/netty-transport-native-epoll/4.1.87.Final/netty-transport-native-epoll-4.1.87.Final-linux-x86_64.jar:/home/pavlo/.m2/repository/io/netty/netty-transport-native-epoll/4.1.87.Final/netty-transport-native-epoll-4.1.87.Final-linux-aarch_64.jar:/home/pavlo/.m2/repository/io/netty/netty-transport-native-kqueue/4.1.87.Final/netty-transport-native-kqueue-4.1.87.Final-osx-aarch_64.jar:/home/pavlo/.m2/repository/io/netty/netty-transport-native-kqueue/4.1.87.Final/netty-transport-native-kqueue-4.1.87.Final-osx-x86_64.jar:/home/pavlo/.m2/repository/com/clearspring/analytics/stream/2.9.6/stream-2.9.6.jar:/home/pavlo/.m2/repository/io/dropwizard/metrics/metrics-core/4.2.15/metrics-core-4.2.15.jar:/home/pavlo/.m2/repository/io/dropwizard/metrics/metrics-jvm/4.2.15/metrics-jvm-4.2.15.jar:/home/pavlo/.m2/repository/io/dropwizard/metrics/metrics-json/4.2.15/metrics-json-4.2.15.jar:/home/pavlo/.m2/repository/io/dropwizard/metrics/metrics-graphite/4.2.15/metrics-graphite-4.2.15.jar:/home/pavlo/.m2/repository/io/dropwizard/metrics/metrics-jmx/4.2.15/metrics-jmx-4.2.15.jar:/home/pavlo/.m2/repository/com/fasterxml/jackson/module/jackson-module-scala_2.12/2.14.2/jackson-module-scala_2.12-2.14.2.jar:/home/pavlo/.m2/repository/com/thoughtworks/paranamer/paranamer/2.8/paranamer-2.8.jar:/home/pavlo/.m2/repository/org/apache/ivy/ivy/2.5.1/ivy-2.5.1.jar:/home/pavlo/.m2/repository/oro/oro/2.0.8/oro-2.0.8.jar:/home/pavlo/.m2/repository/net/razorvine/pickle/1.3/pickle-1.3.jar:/home/pavlo/.m2/repository/net/sf/py4j/py4j/0.10.9.7/py4j-0.10.9.7.jar:/home/pavlo/.m2/repository/org/apache/spark/spark-tags_2.12/3.4.1/spark-tags_2.12-3.4.1.jar:/home/pavlo/.m2/repository/org/apache/commons/commons-crypto/1.1.0/commons-crypto-1.1.0.jar:/home/pavlo/.m2/repository/org/apache/spark/spark-sql_2.12/3.4.1/spark-sql_2.12-3.4.1.jar:/home/pavlo/.m2/repository/org/rocksdb/rocksdbjni/7.9.2/rocksdbjni-7.9.2.jar:/home/pavlo/.m2/repository/com/univocity/univocity-parsers/2.9.1/univocity-parsers-2.9.1.jar:/home/pavlo/.m2/repository/org/apache/spark/spark-sketch_2.12/3.4.1/spark-sketch_2.12-3.4.1.jar:/home/pavlo/.m2/repository/org/apache/spark/spark-catalyst_2.12/3.4.1/spark-catalyst_2.12-3.4.1.jar:/home/pavlo/.m2/repository/org/scala-lang/modules/scala-parser-combinators_2.12/2.1.1/scala-parser-combinators_2.12-2.1.1.jar:/home/pavlo/.m2/repository/org/codehaus/janino/janino/3.1.9/janino-3.1.9.jar:/home/pavlo/.m2/repository/org/codehaus/janino/commons-compiler/3.1.9/commons-compiler-3.1.9.jar:/home/pavlo/.m2/repository/org/antlr/antlr4-runtime/4.9.3/antlr4-runtime-4.9.3.jar:/home/pavlo/.m2/repository/org/apache/arrow/arrow-vector/11.0.0/arrow-vector-11.0.0.jar:/home/pavlo/.m2/repository/org/apache/arrow/arrow-format/11.0.0/arrow-format-11.0.0.jar:/home/pavlo/.m2/repository/org/apache/arrow/arrow-memory-core/11.0.0/arrow-memory-core-11.0.0.jar:/home/pavlo/.m2/repository/com/fasterxml/jackson/datatype/jackson-datatype-jsr310/2.13.4/jackson-datatype-jsr310-2.13.4.jar:/home/pavlo/.m2/repository/com/google/flatbuffers/flatbuffers-java/1.12.0/flatbuffers-java-1.12.0.jar:/home/pavlo/.m2/repository/org/apache/arrow/arrow-memory-netty/11.0.0/arrow-memory-netty-11.0.0.jar:/home/pavlo/.m2/repository/org/apache/orc/orc-core/1.8.4/orc-core-1.8.4-shaded-protobuf.jar:/home/pavlo/.m2/repository/org/apache/orc/orc-shims/1.8.4/orc-shims-1.8.4.jar:/home/pavlo/.m2/repository/io/airlift/aircompressor/0.21/aircompressor-0.21.jar:/home/pavlo/.m2/repository/org/jetbrains/annotations/17.0.0/annotations-17.0.0.jar:/home/pavlo/.m2/repository/org/threeten/threeten-extra/1.7.1/threeten-extra-1.7.1.jar:/home/pavlo/.m2/repository/org/apache/orc/orc-mapreduce/1.8.4/orc-mapreduce-1.8.4-shaded-protobuf.jar:/home/pavlo/.m2/repository/org/apache/hive/hive-storage-api/2.8.1/hive-storage-api-2.8.1.jar:/home/pavlo/.m2/repository/org/apache/parquet/parquet-column/1.12.3/parquet-column-1.12.3.jar:/home/pavlo/.m2/repository/org/apache/parquet/parquet-common/1.12.3/parquet-common-1.12.3.jar:/home/pavlo/.m2/repository/org/apache/parquet/parquet-encoding/1.12.3/parquet-encoding-1.12.3.jar:/home/pavlo/.m2/repository/org/apache/parquet/parquet-hadoop/1.12.3/parquet-hadoop-1.12.3.jar:/home/pavlo/.m2/repository/org/apache/parquet/parquet-format-structures/1.12.3/parquet-format-structures-1.12.3.jar:/home/pavlo/.m2/repository/org/apache/parquet/parquet-jackson/1.12.3/parquet-jackson-1.12.3.jar:/home/pavlo/.m2/repository/com/google/protobuf/protobuf-java/3.21.12/protobuf-java-3.21.12.jar:/home/pavlo/.m2/repository/org/apache/spark/spark-streaming_2.12/3.4.1/spark-streaming_2.12-3.4.1.jar:/home/pavlo/.m2/repository/org/apache/spark/spark-streaming-kafka-0-10_2.12/3.4.1/spark-streaming-kafka-0-10_2.12-3.4.1.jar:/home/pavlo/.m2/repository/org/apache/spark/spark-token-provider-kafka-0-10_2.12/3.4.1/spark-token-provider-kafka-0-10_2.12-3.4.1.jar:/home/pavlo/.m2/repository/org/apache/kafka/kafka-clients/3.3.2/kafka-clients-3.3.2.jar:/home/pavlo/.m2/repository/org/apache/spark/spark-sql-kafka-0-10_2.12/3.4.1/spark-sql-kafka-0-10_2.12-3.4.1.jar:/home/pavlo/.m2/repository/org/apache/commons/commons-pool2/2.11.1/commons-pool2-2.11.1.jar:/home/pavlo/.m2/repository/org/apache/hadoop/hadoop-hdfs/2.2.0/hadoop-hdfs-2.2.0.jar:/home/pavlo/.m2/repository/com/google/guava/guava/11.0.2/guava-11.0.2.jar:/home/pavlo/.m2/repository/org/mortbay/jetty/jetty/6.1.26/jetty-6.1.26.jar:/home/pavlo/.m2/repository/org/mortbay/jetty/jetty-util/6.1.26/jetty-util-6.1.26.jar:/home/pavlo/.m2/repository/com/sun/jersey/jersey-core/1.9/jersey-core-1.9.jar:/home/pavlo/.m2/repository/com/sun/jersey/jersey-server/1.9/jersey-server-1.9.jar:/home/pavlo/.m2/repository/asm/asm/3.1/asm-3.1.jar:/home/pavlo/.m2/repository/commons-cli/commons-cli/1.2/commons-cli-1.2.jar:/home/pavlo/.m2/repository/commons-lang/commons-lang/2.5/commons-lang-2.5.jar:/home/pavlo/.m2/repository/commons-logging/commons-logging/1.1.1/commons-logging-1.1.1.jar:/home/pavlo/.m2/repository/commons-daemon/commons-daemon/1.0.13/commons-daemon-1.0.13.jar:/home/pavlo/.m2/repository/javax/servlet/jsp/jsp-api/2.1/jsp-api-2.1.jar:/home/pavlo/.m2/repository/log4j/log4j/1.2.17/log4j-1.2.17.jar:/home/pavlo/.m2/repository/javax/servlet/servlet-api/2.5/servlet-api-2.5.jar:/home/pavlo/.m2/repository/org/codehaus/jackson/jackson-core-asl/1.8.8/jackson-core-asl-1.8.8.jar:/home/pavlo/.m2/repository/org/codehaus/jackson/jackson-mapper-asl/1.8.8/jackson-mapper-asl-1.8.8.jar:/home/pavlo/.m2/repository/tomcat/jasper-runtime/5.5.23/jasper-runtime-5.5.23.jar:/home/pavlo/.m2/repository/commons-el/commons-el/1.0/commons-el-1.0.jar:/home/pavlo/.m2/repository/xmlenc/xmlenc/0.52/xmlenc-0.52.jar:/home/pavlo/.m2/repository/org/junit/jupiter/junit-jupiter-api/5.6.0/junit-jupiter-api-5.6.0.jar:/home/pavlo/.m2/repository/org/apiguardian/apiguardian-api/1.1.0/apiguardian-api-1.1.0.jar:/home/pavlo/.m2/repository/org/opentest4j/opentest4j/1.2.0/opentest4j-1.2.0.jar:/home/pavlo/.m2/repository/org/junit/platform/junit-platform-commons/1.6.0/junit-platform-commons-1.6.0.jar:/home/pavlo/.m2/repository/org/junit/jupiter/junit-jupiter-engine/5.6.0/junit-jupiter-engine-5.6.0.jar:/home/pavlo/.m2/repository/org/junit/platform/junit-platform-engine/1.6.0/junit-platform-engine-1.6.0.jar:"/>
    <property name="sun.cpu.endian" value="little"/>
    <property name="user.home" value="/home/pavlo"/>
    <property name="user.language" value="en"/>
    <property name="java.specification.vendor" value="Oracle Corporation"/>
    <property name="java.version.date" value="2024-07-16"/>
    <property name="java.home" value="/usr/lib/jvm/java-21-openjdk-amd64"/>
    <property name="file.separator" value="/"/>
    <property name="basedir" value="/home/pavlo/Desktop/project/jobs_manager/trading_bot/rsi-strategies"/>
    <property name="java.vm.compressedOopsMode" value="Zero based"/>
    <property name="line.separator" value="&#10;"/>
    <property name="java.specification.name" value="Java Platform API Specification"/>
    <property name="java.vm.specification.vendor" value="Oracle Corporation"/>
    <property name="surefire.real.class.path" value="/home/pavlo/Desktop/project/jobs_manager/trading_bot/rsi-strategies/target/surefire/surefirebooter6455981695371503372.jar"/>
    <property name="sun.management.compiler" value="HotSpot 64-Bit Tiered Compilers"/>
    <property name="java.runtime.version" value="21.0.4+7-Ubuntu-1ubuntu224.04"/>
    <property name="user.name" value="pavlo"/>
    <property name="stdout.encoding" value="UTF-8"/>
    <property name="path.separator" value=":"/>
    <property name="os.version" value="6.8.0-40-generic"/>
    <property name="java.runtime.name" value="OpenJDK Runtime Environment"/>
    <property name="file.encoding" value="UTF-8"/>
    <property name="java.vm.name" value="OpenJDK 64-Bit Server VM"/>
    <property name="localRepository" value="/home/pavlo/.m2/repository"/>
    <property name="java.vendor.url.bug" value="https://bugs.launchpad.net/ubuntu/+source/openjdk-21"/>
    <property name="java.io.tmpdir" value="/tmp"/>
    <property name="java.version" value="21.0.4"/>
    <property name="user.dir" value="/home/pavlo/Desktop/project/jobs_manager/trading_bot/rsi-strategies"/>
    <property name="os.arch" value="amd64"/>
    <property name="java.vm.specification.name" value="Java Virtual Machine Specification"/>
    <property name="native.encoding" value="UTF-8"/>
    <property name="java.library.path" value="/usr/java/packages/lib:/usr/lib/x86_64-linux-gnu/jni:/lib/x86_64-linux-gnu:/usr/lib/x86_64-linux-gnu:/usr/lib/jni:/lib:/usr/lib"/>
    <property name="java.vm.info" value="mixed mode, sharing"/>
    <property name="stderr.encoding" value="UTF-8"/>
    <property name="java.vendor" value="Ubuntu"/>
    <property name="java.vm.version" value="21.0.4+7-Ubuntu-1ubuntu224.04"/>
    <property name="sun.io.unicode.encoding" value="UnicodeLittle"/>
    <property name="java.class.version" value="65.0"/>
  </properties>
  <testcase name="testApp" classname="com.ilumusecase.scripts.AppTest" time="0.031"/>
</testsuite>